
UniBus-Tool Suite [stops]
Google Transit Feed data convertor for stops.txt
Covert GTFS data from csv format to sqlite format.
Copyright @ Zhenwang.Yao 2008. 

   Converting  ./transit_data/portland/stops.txt  into  ./database/portland.sqlite
   [*] Connecting to database ./database/portland.sqlite.
   [*] Connected to database.
   [*] Dropping table stops, and creating a new one.
   [*] Table stops dropped, and a new one created.
   [*] Opening file ./transit_data/portland/stops.txt 
   [*] Adding records into ./database/portland.sqlite 
   [*] Number of lines read from  ./transit_data/portland/stops.txt : 7409
   [*] Checking imported ./database/portland.sqlite.stops
   [*] Number of row in the table:  7409
   [*] Done 


UniBus-Tool Suite [stops]
Google Transit Feed data convertor for stops.txt
Covert GTFS data from csv format to sqlite format.
Copyright @ Zhenwang.Yao 2008. 

   Converting  ./transit_data/sanfrancisco/stops.txt  into  ./database/sanfrancisco.sqlite
   [*] Connecting to database ./database/sanfrancisco.sqlite.
   [*] Connected to database.
   [*] Dropping table stops, and creating a new one.
   [*] Table stops dropped, and a new one created.
   [*] Opening file ./transit_data/sanfrancisco/stops.txt 
   [*] Adding records into ./database/sanfrancisco.sqlite 
   [*] Number of lines read from  ./transit_data/sanfrancisco/stops.txt : 46
   [*] Checking imported ./database/sanfrancisco.sqlite.stops
   [*] Number of row in the table:  46
   [*] Done 


UniBus-Tool Suite [stops]
Google Transit Feed data convertor for stops.txt
Covert GTFS data from csv format to sqlite format.
Copyright @ Zhenwang.Yao 2008. 

   Converting  ./transit_data/sacramento/stops.txt  into  ./database/sacramento.sqlite
   [*] Connecting to database ./database/sacramento.sqlite.
   [*] Connected to database.
   [*] Dropping table stops, and creating a new one.
   [*] Table stops dropped, and a new one created.
   [*] Opening file ./transit_data/sacramento/stops.txt 
   [*] Adding records into ./database/sacramento.sqlite 
   [*] Number of lines read from  ./transit_data/sacramento/stops.txt : 3524
   [*] Checking imported ./database/sacramento.sqlite.stops
   [*] Number of row in the table:  3524
   [*] Done 


UniBus-Tool Suite [stops]
Google Transit Feed data convertor for stops.txt
Covert GTFS data from csv format to sqlite format.
Copyright @ Zhenwang.Yao 2008. 

   Converting  ./transit_data/oc/stops.txt  into  ./database/oc.sqlite
   [*] Connecting to database ./database/oc.sqlite.
   [*] Connected to database.
   [*] Dropping table stops, and creating a new one.
   [*] Table stops dropped, and a new one created.
   [*] Opening file ./transit_data/oc/stops.txt 
   [*] Adding records into ./database/oc.sqlite 
   [*] Number of lines read from  ./transit_data/oc/stops.txt : 6529
   [*] Checking imported ./database/oc.sqlite.stops
   [*] Number of row in the table:  6529
   [*] Done 


UniBus-Tool Suite [stops]
Google Transit Feed data convertor for stops.txt
Covert GTFS data from csv format to sqlite format.
Copyright @ Zhenwang.Yao 2008. 

   Converting  ./transit_data/humboldt/stops.txt  into  ./database/humboldt.sqlite
   [*] Connecting to database ./database/humboldt.sqlite.
   [*] Connected to database.
   [*] Dropping table stops, and creating a new one.
   [*] Table stops dropped, and a new one created.
   [*] Opening file ./transit_data/humboldt/stops.txt 
   [*] Adding records into ./database/humboldt.sqlite 
   [*] Number of lines read from  ./transit_data/humboldt/stops.txt : 230
   [*] Checking imported ./database/humboldt.sqlite.stops
   [*] Number of row in the table:  230
   [*] Done 


UniBus-Tool Suite [stops]
Google Transit Feed data convertor for stops.txt
Covert GTFS data from csv format to sqlite format.
Copyright @ Zhenwang.Yao 2008. 

   Converting  ./transit_data/denver/stops.txt  into  ./database/denver.sqlite
   [*] Connecting to database ./database/denver.sqlite.
   [*] Connected to database.
   [*] Dropping table stops, and creating a new one.
   [*] Table stops dropped, and a new one created.
   [*] Opening file ./transit_data/denver/stops.txt 
   [*] Adding records into ./database/denver.sqlite 
   [*] Number of lines read from  ./transit_data/denver/stops.txt : 10165
   [*] Checking imported ./database/denver.sqlite.stops
   [*] Number of row in the table:  10165
   [*] Done 


UniBus-Tool Suite [stops]
Google Transit Feed data convertor for stops.txt
Covert GTFS data from csv format to sqlite format.
Copyright @ Zhenwang.Yao 2008. 

   Converting  ./transit_data/dallas/stops.txt  into  ./database/dallas.sqlite
   [*] Connecting to database ./database/dallas.sqlite.
   [*] Connected to database.
   [*] Dropping table stops, and creating a new one.
   [*] Table stops dropped, and a new one created.
   [*] Opening file ./transit_data/dallas/stops.txt 
   [*] Adding records into ./database/dallas.sqlite 
   [*] Number of lines read from  ./transit_data/dallas/stops.txt : 11426
   [*] Checking imported ./database/dallas.sqlite.stops
   [*] Number of row in the table:  11426
   [*] Done 


UniBus-Tool Suite [stops]
Google Transit Feed data convertor for stops.txt
Covert GTFS data from csv format to sqlite format.
Copyright @ Zhenwang.Yao 2008. 

   Converting  ./transit_data/austin/stops.txt  into  ./database/austin.sqlite
   [*] Connecting to database ./database/austin.sqlite.
   [*] Connected to database.
   [*] Dropping table stops, and creating a new one.
   [*] Table stops dropped, and a new one created.
   [*] Opening file ./transit_data/austin/stops.txt 
   [*] Adding records into ./database/austin.sqlite 
   [*] Number of lines read from  ./transit_data/austin/stops.txt : 3010
   [*] Checking imported ./database/austin.sqlite.stops
   [*] Number of row in the table:  3010
   [*] Done 


UniBus-Tool Suite [stops]
Google Transit Feed data convertor for stops.txt
Covert GTFS data from csv format to sqlite format.
Copyright @ Zhenwang.Yao 2008. 

   Converting  ./transit_data/york/stops.txt  into  ./database/york.sqlite
   [*] Connecting to database ./database/york.sqlite.
   [*] Connected to database.
   [*] Dropping table stops, and creating a new one.
   [*] Table stops dropped, and a new one created.
   [*] Opening file ./transit_data/york/stops.txt 
   [*] Adding records into ./database/york.sqlite 
   [*] Number of lines read from  ./transit_data/york/stops.txt : 4443
   [*] Checking imported ./database/york.sqlite.stops
   [*] Number of row in the table:  4443
   [*] Done 


UniBus-Tool Suite [stops]
Google Transit Feed data convertor for stops.txt
Covert GTFS data from csv format to sqlite format.
Copyright @ Zhenwang.Yao 2008. 

   Converting  ./transit_data/davis/stops.txt  into  ./database/davis.sqlite
   [*] Connecting to database ./database/davis.sqlite.
   [*] Connected to database.
   [*] Dropping table stops, and creating a new one.
   [*] Table stops dropped, and a new one created.
   [*] Opening file ./transit_data/davis/stops.txt 
   [*] Adding records into ./database/davis.sqlite 
   [*] Number of lines read from  ./transit_data/davis/stops.txt : 289
   [*] Checking imported ./database/davis.sqlite.stops
   [*] Number of row in the table:  289
   [*] Done 


UniBus-Tool Suite [stops]
Google Transit Feed data convertor for stops.txt
Covert GTFS data from csv format to sqlite format.
Copyright @ Zhenwang.Yao 2008. 

   Converting  ./transit_data/riovista/stops.txt  into  ./database/riovista.sqlite
   [*] Connecting to database ./database/riovista.sqlite.
   [*] Connected to database.
   [*] Dropping table stops, and creating a new one.
   [*] Table stops dropped, and a new one created.
   [*] Opening file ./transit_data/riovista/stops.txt 
   [*] Adding records into ./database/riovista.sqlite 
   [*] Number of lines read from  ./transit_data/riovista/stops.txt : 51
   [*] Checking imported ./database/riovista.sqlite.stops
   [*] Number of row in the table:  51
   [*] Done 


UniBus-Tool Suite [stops]
Google Transit Feed data convertor for stops.txt
Covert GTFS data from csv format to sqlite format.
Copyright @ Zhenwang.Yao 2008. 

   Converting  ./transit_data/perth/stops.txt  into  ./database/perth.sqlite
   [*] Connecting to database ./database/perth.sqlite.
   [*] Connected to database.
   [*] Dropping table stops, and creating a new one.
   [*] Table stops dropped, and a new one created.
   [*] Opening file ./transit_data/perth/stops.txt 
   [*] Adding records into ./database/perth.sqlite 
   [*] Number of lines read from  ./transit_data/perth/stops.txt : 11707
   [*] Checking imported ./database/perth.sqlite.stops
   [*] Number of row in the table:  11707
   [*] Done 


UniBus-Tool Suite [routes]
Google Transit Feed data (routes) convertor
Covert GTFS data from csv format to sqlite format.
Copyright @ Zhenwang.Yao 2008. 

   Converting  ./transit_data/portland/routes.txt  into  ./database/portland.sqlite
   [*] Connecting to database ./database/portland.sqlite.
   [*] Connected to database.
   [*] Dropping table routes, and creating a new one.
   [*] Table routes dropped, and a new one created.
   [*] Opening file ./transit_data/portland/routes.txt 
   [*] Adding records into ./database/portland.sqlite 
   [*] Number of lines read from  ./transit_data/portland/routes.txt : 100
   [*] Checking imported ./database/portland.sqlite.routes
   [*] Number of row in the table:  100
   [*] Done 


UniBus-Tool Suite [routes]
Google Transit Feed data (routes) convertor
Covert GTFS data from csv format to sqlite format.
Copyright @ Zhenwang.Yao 2008. 

   Converting  ./transit_data/sanfrancisco/routes.txt  into  ./database/sanfrancisco.sqlite
   [*] Connecting to database ./database/sanfrancisco.sqlite.
   [*] Connected to database.
   [*] Dropping table routes, and creating a new one.
   [*] Table routes dropped, and a new one created.
   [*] Opening file ./transit_data/sanfrancisco/routes.txt 
   [*] Adding records into ./database/sanfrancisco.sqlite 
   [*] Number of lines read from  ./transit_data/sanfrancisco/routes.txt : 11
   [*] Checking imported ./database/sanfrancisco.sqlite.routes
   [*] Number of row in the table:  11
   [*] Done 


UniBus-Tool Suite [routes]
Google Transit Feed data (routes) convertor
Covert GTFS data from csv format to sqlite format.
Copyright @ Zhenwang.Yao 2008. 

   Converting  ./transit_data/sacramento/routes.txt  into  ./database/sacramento.sqlite
   [*] Connecting to database ./database/sacramento.sqlite.
   [*] Connected to database.
   [*] Dropping table routes, and creating a new one.
   [*] Table routes dropped, and a new one created.
   [*] Opening file ./transit_data/sacramento/routes.txt 
   [*] Adding records into ./database/sacramento.sqlite 
   [*] Number of lines read from  ./transit_data/sacramento/routes.txt : 95
   [*] Checking imported ./database/sacramento.sqlite.routes
   [*] Number of row in the table:  95
   [*] Done 


UniBus-Tool Suite [routes]
Google Transit Feed data (routes) convertor
Covert GTFS data from csv format to sqlite format.
Copyright @ Zhenwang.Yao 2008. 

   Converting  ./transit_data/oc/routes.txt  into  ./database/oc.sqlite
   [*] Connecting to database ./database/oc.sqlite.
   [*] Connected to database.
   [*] Dropping table routes, and creating a new one.
   [*] Table routes dropped, and a new one created.
   [*] Opening file ./transit_data/oc/routes.txt 
   [*] Adding records into ./database/oc.sqlite 
   [*] Number of lines read from  ./transit_data/oc/routes.txt : 80
   [*] Checking imported ./database/oc.sqlite.routes
   [*] Number of row in the table:  80
   [*] Done 


UniBus-Tool Suite [routes]
Google Transit Feed data (routes) convertor
Covert GTFS data from csv format to sqlite format.
Copyright @ Zhenwang.Yao 2008. 

   Converting  ./transit_data/humboldt/routes.txt  into  ./database/humboldt.sqlite
   [*] Connecting to database ./database/humboldt.sqlite.
   [*] Connected to database.
   [*] Dropping table routes, and creating a new one.
   [*] Table routes dropped, and a new one created.
   [*] Opening file ./transit_data/humboldt/routes.txt 
   [*] Adding records into ./database/humboldt.sqlite 
   [*] Number of lines read from  ./transit_data/humboldt/routes.txt : 10
   [*] Checking imported ./database/humboldt.sqlite.routes
   [*] Number of row in the table:  10
   [*] Done 


UniBus-Tool Suite [routes]
Google Transit Feed data (routes) convertor
Covert GTFS data from csv format to sqlite format.
Copyright @ Zhenwang.Yao 2008. 

   Converting  ./transit_data/denver/routes.txt  into  ./database/denver.sqlite
   [*] Connecting to database ./database/denver.sqlite.
   [*] Connected to database.
   [*] Dropping table routes, and creating a new one.
   [*] Table routes dropped, and a new one created.
   [*] Opening file ./transit_data/denver/routes.txt 
   [*] Adding records into ./database/denver.sqlite 
   [*] Number of lines read from  ./transit_data/denver/routes.txt : 182
   [*] Checking imported ./database/denver.sqlite.routes
   [*] Number of row in the table:  182
   [*] Done 


UniBus-Tool Suite [routes]
Google Transit Feed data (routes) convertor
Covert GTFS data from csv format to sqlite format.
Copyright @ Zhenwang.Yao 2008. 

   Converting  ./transit_data/dallas/routes.txt  into  ./database/dallas.sqlite
   [*] Connecting to database ./database/dallas.sqlite.
   [*] Connected to database.
   [*] Dropping table routes, and creating a new one.
   [*] Table routes dropped, and a new one created.
   [*] Opening file ./transit_data/dallas/routes.txt 
   [*] Adding records into ./database/dallas.sqlite 
   [*] Number of lines read from  ./transit_data/dallas/routes.txt : 138
   [*] Checking imported ./database/dallas.sqlite.routes
   [*] Number of row in the table:  138
   [*] Done 


UniBus-Tool Suite [routes]
Google Transit Feed data (routes) convertor
Covert GTFS data from csv format to sqlite format.
Copyright @ Zhenwang.Yao 2008. 

   Converting  ./transit_data/austin/routes.txt  into  ./database/austin.sqlite
   [*] Connecting to database ./database/austin.sqlite.
   [*] Connected to database.
   [*] Dropping table routes, and creating a new one.
   [*] Table routes dropped, and a new one created.
   [*] Opening file ./transit_data/austin/routes.txt 
   [*] Adding records into ./database/austin.sqlite 
   [*] Number of lines read from  ./transit_data/austin/routes.txt : 103
   [*] Checking imported ./database/austin.sqlite.routes
   [*] Number of row in the table:  103
   [*] Done 


UniBus-Tool Suite [routes]
Google Transit Feed data (routes) convertor
Covert GTFS data from csv format to sqlite format.
Copyright @ Zhenwang.Yao 2008. 

   Converting  ./transit_data/york/routes.txt  into  ./database/york.sqlite
   [*] Connecting to database ./database/york.sqlite.
   [*] Connected to database.
   [*] Dropping table routes, and creating a new one.
   [*] Table routes dropped, and a new one created.
   [*] Opening file ./transit_data/york/routes.txt 
   [*] Adding records into ./database/york.sqlite 
   [*] Number of lines read from  ./transit_data/york/routes.txt : 143
   [*] Checking imported ./database/york.sqlite.routes
   [*] Number of row in the table:  143
   [*] Done 


UniBus-Tool Suite [routes]
Google Transit Feed data (routes) convertor
Covert GTFS data from csv format to sqlite format.
Copyright @ Zhenwang.Yao 2008. 

   Converting  ./transit_data/davis/routes.txt  into  ./database/davis.sqlite
   [*] Connecting to database ./database/davis.sqlite.
   [*] Connected to database.
   [*] Dropping table routes, and creating a new one.
   [*] Table routes dropped, and a new one created.
   [*] Opening file ./transit_data/davis/routes.txt 
   [*] Adding records into ./database/davis.sqlite 
   [*] Number of lines read from  ./transit_data/davis/routes.txt : 16
   [*] Checking imported ./database/davis.sqlite.routes
   [*] Number of row in the table:  16
   [*] Done 


UniBus-Tool Suite [routes]
Google Transit Feed data (routes) convertor
Covert GTFS data from csv format to sqlite format.
Copyright @ Zhenwang.Yao 2008. 

   Converting  ./transit_data/riovista/routes.txt  into  ./database/riovista.sqlite
   [*] Connecting to database ./database/riovista.sqlite.
   [*] Connected to database.
   [*] Dropping table routes, and creating a new one.
   [*] Table routes dropped, and a new one created.
   [*] Opening file ./transit_data/riovista/routes.txt 
   [*] Adding records into ./database/riovista.sqlite 
   [*] Number of lines read from  ./transit_data/riovista/routes.txt : 6
   [*] Checking imported ./database/riovista.sqlite.routes
   [*] Number of row in the table:  6
   [*] Done 


UniBus-Tool Suite [routes]
Google Transit Feed data (routes) convertor
Covert GTFS data from csv format to sqlite format.
Copyright @ Zhenwang.Yao 2008. 

   Converting  ./transit_data/perth/routes.txt  into  ./database/perth.sqlite
   [*] Connecting to database ./database/perth.sqlite.
   [*] Connected to database.
   [*] Dropping table routes, and creating a new one.
   [*] Table routes dropped, and a new one created.
   [*] Opening file ./transit_data/perth/routes.txt 
   [*] Adding records into ./database/perth.sqlite 
   [*] Number of lines read from  ./transit_data/perth/routes.txt : 602
   [*] Checking imported ./database/perth.sqlite.routes
   [*] Number of row in the table:  602
   [*] Done 


UniBus-Tool Suite [favorites]
Add an empty favorite table into a sqlite database.
Copyright @ Zhenwang.Yao 2008. 

   Adding db-information into  ./database/portland.sqlite
   [*] Connecting to database ./database/portland.sqlite.
   [*] Connected to database.
   [*] Dropping table favorites, and creating a new one.
   [*] Table favorites dropped, and a new one created.
   [*] Checking ./database/portland.sqlite.favorites
   [*] Number of row in the table:  0
   [*] Done 


UniBus-Tool Suite [favorites]
Add an empty favorite table into a sqlite database.
Copyright @ Zhenwang.Yao 2008. 

   Adding db-information into  ./database/sanfrancisco.sqlite
   [*] Connecting to database ./database/sanfrancisco.sqlite.
   [*] Connected to database.
   [*] Dropping table favorites, and creating a new one.
   [*] Table favorites dropped, and a new one created.
   [*] Checking ./database/sanfrancisco.sqlite.favorites
   [*] Number of row in the table:  0
   [*] Done 


UniBus-Tool Suite [favorites]
Add an empty favorite table into a sqlite database.
Copyright @ Zhenwang.Yao 2008. 

   Adding db-information into  ./database/sacramento.sqlite
   [*] Connecting to database ./database/sacramento.sqlite.
   [*] Connected to database.
   [*] Dropping table favorites, and creating a new one.
   [*] Table favorites dropped, and a new one created.
   [*] Checking ./database/sacramento.sqlite.favorites
   [*] Number of row in the table:  0
   [*] Done 


UniBus-Tool Suite [favorites]
Add an empty favorite table into a sqlite database.
Copyright @ Zhenwang.Yao 2008. 

   Adding db-information into  ./database/oc.sqlite
   [*] Connecting to database ./database/oc.sqlite.
   [*] Connected to database.
   [*] Dropping table favorites, and creating a new one.
   [*] Table favorites dropped, and a new one created.
   [*] Checking ./database/oc.sqlite.favorites
   [*] Number of row in the table:  0
   [*] Done 


UniBus-Tool Suite [favorites]
Add an empty favorite table into a sqlite database.
Copyright @ Zhenwang.Yao 2008. 

   Adding db-information into  ./database/humboldt.sqlite
   [*] Connecting to database ./database/humboldt.sqlite.
   [*] Connected to database.
   [*] Dropping table favorites, and creating a new one.
   [*] Table favorites dropped, and a new one created.
   [*] Checking ./database/humboldt.sqlite.favorites
   [*] Number of row in the table:  0
   [*] Done 


UniBus-Tool Suite [favorites]
Add an empty favorite table into a sqlite database.
Copyright @ Zhenwang.Yao 2008. 

   Adding db-information into  ./database/denver.sqlite
   [*] Connecting to database ./database/denver.sqlite.
   [*] Connected to database.
   [*] Dropping table favorites, and creating a new one.
   [*] Table favorites dropped, and a new one created.
   [*] Checking ./database/denver.sqlite.favorites
   [*] Number of row in the table:  0
   [*] Done 


UniBus-Tool Suite [favorites]
Add an empty favorite table into a sqlite database.
Copyright @ Zhenwang.Yao 2008. 

   Adding db-information into  ./database/dallas.sqlite
   [*] Connecting to database ./database/dallas.sqlite.
   [*] Connected to database.
   [*] Dropping table favorites, and creating a new one.
   [*] Table favorites dropped, and a new one created.
   [*] Checking ./database/dallas.sqlite.favorites
   [*] Number of row in the table:  0
   [*] Done 


UniBus-Tool Suite [favorites]
Add an empty favorite table into a sqlite database.
Copyright @ Zhenwang.Yao 2008. 

   Adding db-information into  ./database/austin.sqlite
   [*] Connecting to database ./database/austin.sqlite.
   [*] Connected to database.
   [*] Dropping table favorites, and creating a new one.
   [*] Table favorites dropped, and a new one created.
   [*] Checking ./database/austin.sqlite.favorites
   [*] Number of row in the table:  0
   [*] Done 


UniBus-Tool Suite [favorites]
Add an empty favorite table into a sqlite database.
Copyright @ Zhenwang.Yao 2008. 

   Adding db-information into  ./database/york.sqlite
   [*] Connecting to database ./database/york.sqlite.
   [*] Connected to database.
   [*] Dropping table favorites, and creating a new one.
   [*] Table favorites dropped, and a new one created.
   [*] Checking ./database/york.sqlite.favorites
   [*] Number of row in the table:  0
   [*] Done 


UniBus-Tool Suite [favorites]
Add an empty favorite table into a sqlite database.
Copyright @ Zhenwang.Yao 2008. 

   Adding db-information into  ./database/davis.sqlite
   [*] Connecting to database ./database/davis.sqlite.
   [*] Connected to database.
   [*] Dropping table favorites, and creating a new one.
   [*] Table favorites dropped, and a new one created.
   [*] Checking ./database/davis.sqlite.favorites
   [*] Number of row in the table:  0
   [*] Done 


UniBus-Tool Suite [favorites]
Add an empty favorite table into a sqlite database.
Copyright @ Zhenwang.Yao 2008. 

   Adding db-information into  ./database/riovista.sqlite
   [*] Connecting to database ./database/riovista.sqlite.
   [*] Connected to database.
   [*] Dropping table favorites, and creating a new one.
   [*] Table favorites dropped, and a new one created.
   [*] Checking ./database/riovista.sqlite.favorites
   [*] Number of row in the table:  0
   [*] Done 


UniBus-Tool Suite [favorites]
Add an empty favorite table into a sqlite database.
Copyright @ Zhenwang.Yao 2008. 

   Adding db-information into  ./database/perth.sqlite
   [*] Connecting to database ./database/perth.sqlite.
   [*] Connected to database.
   [*] Dropping table favorites, and creating a new one.
   [*] Table favorites dropped, and a new one created.
   [*] Checking ./database/perth.sqlite.favorites
   [*] Number of row in the table:  0
   [*] Done 


UniBus-Tool Suite [dbinfo]
Add a dbinfo table into the given database.
Copyright @ Zhenwang.Yao 2008. 

   Adding db-information into  ./database/portland.sqlite
   [*] Connecting to database ./database/portland.sqlite.
   [*] Connected to database.
   [*] Dropping table dbinfo, and creating a new one.
   [*] Table dbinfo dropped, and a new one created.
   [*] Insert the record into ./database/portland.sqlite.dbinfo 
   [*] Checking imported ./database/portland.sqlite.dbinfo
   [*] Number of row in the table:  1  and they are as follows:
           (u'db_version', u'1.1')
   [*] Done 


UniBus-Tool Suite [dbinfo]
Add a dbinfo table into the given database.
Copyright @ Zhenwang.Yao 2008. 

   Adding db-information into  ./database/sanfrancisco.sqlite
   [*] Connecting to database ./database/sanfrancisco.sqlite.
   [*] Connected to database.
   [*] Dropping table dbinfo, and creating a new one.
   [*] Table dbinfo dropped, and a new one created.
   [*] Insert the record into ./database/sanfrancisco.sqlite.dbinfo 
   [*] Checking imported ./database/sanfrancisco.sqlite.dbinfo
   [*] Number of row in the table:  1  and they are as follows:
           (u'db_version', u'1.1')
   [*] Done 


UniBus-Tool Suite [dbinfo]
Add a dbinfo table into the given database.
Copyright @ Zhenwang.Yao 2008. 

   Adding db-information into  ./database/sacramento.sqlite
   [*] Connecting to database ./database/sacramento.sqlite.
   [*] Connected to database.
   [*] Dropping table dbinfo, and creating a new one.
   [*] Table dbinfo dropped, and a new one created.
   [*] Insert the record into ./database/sacramento.sqlite.dbinfo 
   [*] Checking imported ./database/sacramento.sqlite.dbinfo
   [*] Number of row in the table:  1  and they are as follows:
           (u'db_version', u'1.1')
   [*] Done 


UniBus-Tool Suite [dbinfo]
Add a dbinfo table into the given database.
Copyright @ Zhenwang.Yao 2008. 

   Adding db-information into  ./database/oc.sqlite
   [*] Connecting to database ./database/oc.sqlite.
   [*] Connected to database.
   [*] Dropping table dbinfo, and creating a new one.
   [*] Table dbinfo dropped, and a new one created.
   [*] Insert the record into ./database/oc.sqlite.dbinfo 
   [*] Checking imported ./database/oc.sqlite.dbinfo
   [*] Number of row in the table:  1  and they are as follows:
           (u'db_version', u'1.1')
   [*] Done 


UniBus-Tool Suite [dbinfo]
Add a dbinfo table into the given database.
Copyright @ Zhenwang.Yao 2008. 

   Adding db-information into  ./database/humboldt.sqlite
   [*] Connecting to database ./database/humboldt.sqlite.
   [*] Connected to database.
   [*] Dropping table dbinfo, and creating a new one.
   [*] Table dbinfo dropped, and a new one created.
   [*] Insert the record into ./database/humboldt.sqlite.dbinfo 
   [*] Checking imported ./database/humboldt.sqlite.dbinfo
   [*] Number of row in the table:  1  and they are as follows:
           (u'db_version', u'1.1')
   [*] Done 


UniBus-Tool Suite [dbinfo]
Add a dbinfo table into the given database.
Copyright @ Zhenwang.Yao 2008. 

   Adding db-information into  ./database/denver.sqlite
   [*] Connecting to database ./database/denver.sqlite.
   [*] Connected to database.
   [*] Dropping table dbinfo, and creating a new one.
   [*] Table dbinfo dropped, and a new one created.
   [*] Insert the record into ./database/denver.sqlite.dbinfo 
   [*] Checking imported ./database/denver.sqlite.dbinfo
   [*] Number of row in the table:  1  and they are as follows:
           (u'db_version', u'1.1')
   [*] Done 


UniBus-Tool Suite [dbinfo]
Add a dbinfo table into the given database.
Copyright @ Zhenwang.Yao 2008. 

   Adding db-information into  ./database/dallas.sqlite
   [*] Connecting to database ./database/dallas.sqlite.
   [*] Connected to database.
   [*] Dropping table dbinfo, and creating a new one.
   [*] Table dbinfo dropped, and a new one created.
   [*] Insert the record into ./database/dallas.sqlite.dbinfo 
   [*] Checking imported ./database/dallas.sqlite.dbinfo
   [*] Number of row in the table:  1  and they are as follows:
           (u'db_version', u'1.1')
   [*] Done 


UniBus-Tool Suite [dbinfo]
Add a dbinfo table into the given database.
Copyright @ Zhenwang.Yao 2008. 

   Adding db-information into  ./database/austin.sqlite
   [*] Connecting to database ./database/austin.sqlite.
   [*] Connected to database.
   [*] Dropping table dbinfo, and creating a new one.
   [*] Table dbinfo dropped, and a new one created.
   [*] Insert the record into ./database/austin.sqlite.dbinfo 
   [*] Checking imported ./database/austin.sqlite.dbinfo
   [*] Number of row in the table:  1  and they are as follows:
           (u'db_version', u'1.1')
   [*] Done 


UniBus-Tool Suite [dbinfo]
Add a dbinfo table into the given database.
Copyright @ Zhenwang.Yao 2008. 

   Adding db-information into  ./database/york.sqlite
   [*] Connecting to database ./database/york.sqlite.
   [*] Connected to database.
   [*] Dropping table dbinfo, and creating a new one.
   [*] Table dbinfo dropped, and a new one created.
   [*] Insert the record into ./database/york.sqlite.dbinfo 
   [*] Checking imported ./database/york.sqlite.dbinfo
   [*] Number of row in the table:  1  and they are as follows:
           (u'db_version', u'1.1')
   [*] Done 


UniBus-Tool Suite [dbinfo]
Add a dbinfo table into the given database.
Copyright @ Zhenwang.Yao 2008. 

   Adding db-information into  ./database/davis.sqlite
   [*] Connecting to database ./database/davis.sqlite.
   [*] Connected to database.
   [*] Dropping table dbinfo, and creating a new one.
   [*] Table dbinfo dropped, and a new one created.
   [*] Insert the record into ./database/davis.sqlite.dbinfo 
   [*] Checking imported ./database/davis.sqlite.dbinfo
   [*] Number of row in the table:  1  and they are as follows:
           (u'db_version', u'1.1')
   [*] Done 


UniBus-Tool Suite [dbinfo]
Add a dbinfo table into the given database.
Copyright @ Zhenwang.Yao 2008. 

   Adding db-information into  ./database/riovista.sqlite
   [*] Connecting to database ./database/riovista.sqlite.
   [*] Connected to database.
   [*] Dropping table dbinfo, and creating a new one.
   [*] Table dbinfo dropped, and a new one created.
   [*] Insert the record into ./database/riovista.sqlite.dbinfo 
   [*] Checking imported ./database/riovista.sqlite.dbinfo
   [*] Number of row in the table:  1  and they are as follows:
           (u'db_version', u'1.1')
   [*] Done 


UniBus-Tool Suite [dbinfo]
Add a dbinfo table into the given database.
Copyright @ Zhenwang.Yao 2008. 

   Adding db-information into  ./database/perth.sqlite
   [*] Connecting to database ./database/perth.sqlite.
   [*] Connected to database.
   [*] Dropping table dbinfo, and creating a new one.
   [*] Table dbinfo dropped, and a new one created.
   [*] Insert the record into ./database/perth.sqlite.dbinfo 
   [*] Checking imported ./database/perth.sqlite.dbinfo
   [*] Number of row in the table:  1  and they are as follows:
           (u'db_version', u'1.1')
   [*] Done 


UniBus-Tool Suite [gtfs_info]
Import information of supported cities into a sqlite database.
Copyright @ Zhenwang.Yao 2008. 

   Converting  supportedcities.lst  into  ./database/gtfs_info.sqlite
   [*] Connecting to database ./database/gtfs_info.sqlite.
   [*] Connected to database.
   [*] Dropping table cities, and creating a new one.
   [*] Table cities dropped, and a new one created.
   [*] Adding records into ./database/gtfs_info.sqlite 
   [*] Number of lines read from  supportedcities.lst : 12
   [*] Checking imported ./database/gtfs_info.sqlite.cities
   [*] Number of row in the table:  12
   [*] Done 


UniBus-Tool Suite [dbinfo]
Add a dbinfo table into the given database.
Copyright @ Zhenwang.Yao 2008. 

   Adding db-information into  ./database/gtfs_info.sqlite
   [*] Connecting to database ./database/gtfs_info.sqlite.
   [*] Connected to database.
   [*] Dropping table dbinfo, and creating a new one.
   [*] Table dbinfo dropped, and a new one created.
   [*] Insert the record into ./database/gtfs_info.sqlite.dbinfo 
   [*] Checking imported ./database/gtfs_info.sqlite.dbinfo
   [*] Number of row in the table:  1  and they are as follows:
           (u'db_version', u'1.1')
   [*] Done 

